{"name": "test_1_2", "status": "failed", "statusDetails": {"message": "AssertionError: assert (1 + 1) == 3", "trace": "@allure.description(\"Test #1.2\")\n    def test_1_2():\n        pat_1()\n        pat_2()\n>       pat_3()\n\ntest\\test_1.py:18: \n_ _ _ _ _ _ _ _ _ _ _ _ _ _ _ _ _ _ _ _ _ _ _ _ _ _ _ _ _ _ _ _ _ _ _ _ _ _ _ _ _ _ _ _\n\n    def pat_3():\n        with allure.step(\"Step 3\"):\n>           assert 1+1==3\nE           assert (1 + 1) == 3\n\ntest\\test_1.py:33: AssertionError"}, "description": "Test #1.2", "steps": [{"name": "Step 1", "status": "passed", "start": 1672991451972, "stop": 1672991451972}, {"name": "Step 2", "status": "passed", "start": 1672991451972, "stop": 1672991451972}, {"name": "Step 3", "status": "failed", "statusDetails": {"message": "AssertionError: assert (1 + 1) == 3\n", "trace": "  File \"C:\\Users\\1\\PycharmProjects\\pythonProject1\\test\\test_1.py\", line 33, in pat_3\n    assert 1+1==3\n"}, "start": 1672991451972, "stop": 1672991451973}], "start": 1672991451972, "stop": 1672991451973, "uuid": "9cd94e91-9e52-49a4-9ea1-ca1944b3a67d", "historyId": "bc222e42a647e794aed2a087e6bb5319", "testCaseId": "cf63038cdb28e94991d29181bd6edee4", "fullName": "test.test_1#test_1_2", "labels": [{"name": "parentSuite", "value": "test"}, {"name": "suite", "value": "test_1"}, {"name": "host", "value": "LAPTOP-OE0K30SN"}, {"name": "thread", "value": "8036-MainThread"}, {"name": "framework", "value": "pytest"}, {"name": "language", "value": "cpython3"}, {"name": "package", "value": "test.test_1"}]}